(rtai-project) ariskoutris@Ariss-Air rtai-project-28 % bash code/evaluate_repeat
Evaluating network fc_base...
not verified    ✅      (0.00s)
verified        ✅      (0.00s)
verified        ✅      (0.00s)
verified        ✅      (0.00s)
verified        ✅      (0.00s)
Evaluating network fc_1...
not verified    ✅      (0.02s)
verified        ✅      (0.00s)
Evaluating network fc_2...
not verified    ✅      (0.04s)
verified        ✅      (0.01s)
Evaluating network fc_3...
not verified    ✅      (0.04s)
verified        ✅      (0.01s)
Evaluating network fc_4...
not verified    ✅      (0.04s)
verified        ✅      (0.00s)
Evaluating network fc_5...
not verified    ✅      (0.07s)
verified        ✅      (0.01s)
Evaluating network fc_6...
not verified    ✅      (0.30s)
not verified    ✅      (0.13s)
verified        ✅      (0.05s)
verified        ✅      (0.01s)
Evaluating network fc_7...
not verified    ✅      (0.20s)
verified        ✅      (0.54s)
Evaluating network conv_base...
not verified    ✅      (0.07s)
verified        ✅      (0.07s)
verified        ✅      (0.07s)
verified        ✅      (0.07s)
verified        ✅      (0.06s)
Evaluating network conv_1...
not verified    ✅      (1.70s)
verified        ✅      (0.29s)
Evaluating network conv_2...
not verified    ✅      (11.21s)
verified        ✅      (1.07s)
Evaluating network conv_3...
not verified    ✅      (43.95s)
verified        ✅      (5.52s)
Evaluating network conv_4...
not verified    ✅      (22.06s)
verified        ✅      (1.96s)
Time for iteration 1: 112.00 seconds

Evaluating network fc_base...
not verified    ✅      (0.00s)
verified        ✅      (0.00s)
verified        ✅      (0.00s)
verified        ✅      (0.00s)
verified        ✅      (0.00s)
Evaluating network fc_1...
not verified    ✅      (0.03s)
verified        ✅      (0.00s)
Evaluating network fc_2...
not verified    ✅      (0.04s)
verified        ✅      (0.00s)
Evaluating network fc_3...
not verified    ✅      (0.04s)
verified        ✅      (0.01s)
Evaluating network fc_4...
not verified    ✅      (0.04s)
verified        ✅      (0.01s)
Evaluating network fc_5...
not verified    ✅      (0.06s)
verified        ✅      (0.01s)
Evaluating network fc_6...
not verified    ✅      (0.32s)
not verified    ✅      (0.13s)
verified        ✅      (0.04s)
verified        ✅      (0.02s)
Evaluating network fc_7...
not verified    ✅      (0.24s)
verified        ✅      (0.58s)
Evaluating network conv_base...
not verified    ✅      (0.07s)
verified        ✅      (0.06s)
verified        ✅      (0.07s)
verified        ✅      (0.07s)
verified        ✅      (0.06s)
Evaluating network conv_1...
not verified    ✅      (1.65s)
verified        ✅      (0.28s)
Evaluating network conv_2...
not verified    ✅      (11.12s)
verified        ✅      (1.06s)
Evaluating network conv_3...
not verified    ✅      (43.97s)
verified        ✅      (5.58s)
Evaluating network conv_4...
not verified    ✅      (15.42s)
verified        ✅      (1.97s)
Time for iteration 2: 106.00 seconds

Evaluating network fc_base...
not verified    ✅      (0.00s)
verified        ✅      (0.00s)
verified        ✅      (0.00s)
verified        ✅      (0.00s)
verified        ✅      (0.00s)
Evaluating network fc_1...
not verified    ✅      (0.02s)
verified        ✅      (0.00s)
Evaluating network fc_2...
not verified    ✅      (0.04s)
verified        ✅      (0.01s)
Evaluating network fc_3...
not verified    ✅      (0.04s)
verified        ✅      (0.00s)
Evaluating network fc_4...
not verified    ✅      (0.05s)
verified        ✅      (0.00s)
Evaluating network fc_5...
not verified    ✅      (0.06s)
verified        ✅      (0.01s)
Evaluating network fc_6...
not verified    ✅      (0.31s)
not verified    ✅      (0.12s)
verified        ✅      (0.04s)
verified        ✅      (0.01s)
Evaluating network fc_7...
not verified    ✅      (0.20s)
verified        ✅      (0.71s)
Evaluating network conv_base...
not verified    ✅      (0.07s)
verified        ✅      (0.07s)
verified        ✅      (0.07s)
verified        ✅      (0.07s)
verified        ✅      (0.06s)
Evaluating network conv_1...
not verified    ✅      (1.66s)
verified        ✅      (0.28s)
Evaluating network conv_2...
not verified    ✅      (12.93s)
verified        ✅      (1.37s)
Evaluating network conv_3...
not verified    ✅      (56.61s)
verified        ✅      (6.39s)
Evaluating network conv_4...
not verified    ✅      (17.57s)
verified        ✅      (2.28s)
Time for iteration 3: 125.00 seconds

Evaluating network fc_base...
not verified    ✅      (0.00s)
verified        ✅      (0.00s)
verified        ✅      (0.00s)
verified        ✅      (0.00s)
verified        ✅      (0.00s)
Evaluating network fc_1...
not verified    ✅      (0.03s)
verified        ✅      (0.00s)
Evaluating network fc_2...
not verified    ✅      (0.04s)
verified        ✅      (0.01s)
Evaluating network fc_3...
not verified    ✅      (0.04s)
verified        ✅      (0.01s)
Evaluating network fc_4...
not verified    ✅      (0.04s)
verified        ✅      (0.01s)
Evaluating network fc_5...
not verified    ✅      (0.07s)
verified        ✅      (0.01s)
Evaluating network fc_6...
not verified    ✅      (0.30s)
not verified    ✅      (0.13s)
verified        ✅      (0.05s)
verified        ✅      (0.02s)
Evaluating network fc_7...
not verified    ✅      (0.21s)
verified        ✅      (0.70s)
Evaluating network conv_base...
not verified    ✅      (0.07s)
verified        ✅      (0.07s)
verified        ✅      (0.07s)
verified        ✅      (0.07s)
verified        ✅      (0.07s)
Evaluating network conv_1...
not verified    ✅      (1.77s)
verified        ✅      (0.30s)
Evaluating network conv_2...
not verified    ✅      (10.29s)
verified        ✅      (1.22s)
Evaluating network conv_3...
not verified    ✅      (46.68s)
verified        ✅      (6.15s)
Evaluating network conv_4...
not verified    ✅      (21.27s)
verified        ✅      (2.31s)
Time for iteration 4: 119.00 seconds

Evaluating network fc_base...
not verified    ✅      (0.00s)
verified        ✅      (0.00s)
verified        ✅      (0.00s)
verified        ✅      (0.00s)
verified        ✅      (0.00s)
Evaluating network fc_1...
not verified    ✅      (0.02s)
verified        ✅      (0.00s)
Evaluating network fc_2...
not verified    ✅      (0.04s)
verified        ✅      (0.01s)
Evaluating network fc_3...
not verified    ✅      (0.04s)
verified        ✅      (0.01s)
Evaluating network fc_4...
not verified    ✅      (0.04s)
verified        ✅      (0.01s)
Evaluating network fc_5...
not verified    ✅      (0.07s)
verified        ✅      (0.01s)
Evaluating network fc_6...
not verified    ✅      (0.34s)
not verified    ✅      (0.13s)
verified        ✅      (0.04s)
verified        ✅      (0.02s)
Evaluating network fc_7...
not verified    ✅      (0.21s)
not verified    🛑      (0.21s)
Evaluating network conv_base...
not verified    ✅      (0.08s)
verified        ✅      (0.08s)
verified        ✅      (0.07s)
verified        ✅      (0.07s)
verified        ✅      (0.07s)
Evaluating network conv_1...
not verified    ✅      (1.78s)
verified        ✅      (0.30s)
Evaluating network conv_2...
not verified    ✅      (12.37s)
verified        ✅      (1.26s)
Evaluating network conv_3...
not verified    ✅      (47.66s)
verified        ✅      (6.24s)
Evaluating network conv_4...
not verified    ✅      (17.62s)
verified        ✅      (2.34s)
Time for iteration 5: 119.00 seconds

Average time per iteration: 116.00 seconds