(rtai-project) ariskoutris@Ariss-Air rtai-project-28 % bash code/evaluate_prelim_repeat
Evaluating network fc_1...
not verified    ✅      (0.03s)
verified        ✅      (0.00s)
verified        ✅      (0.00s)
Evaluating network fc_2...
not verified    ✅      (0.04s)
verified        ✅      (0.00s)
verified        ✅      (0.04s)
Evaluating network fc_3...
not verified    ✅      (0.04s)
verified        ✅      (0.01s)
verified        ✅      (0.01s)
Evaluating network fc_4...
not verified    ✅      (0.05s)
verified        ✅      (0.00s)
verified        ✅      (0.01s)
Evaluating network fc_5...
not verified    ✅      (0.06s)
verified        ✅      (0.01s)
verified        ✅      (0.04s)
Evaluating network fc_6...
not verified    ✅      (0.33s)
not verified    ✅      (0.15s)
not verified    ✅      (0.39s)
verified        ✅      (0.01s)
verified        ✅      (0.04s)
verified        ✅      (0.08s)
Evaluating network fc_7...
not verified    ✅      (0.25s)
verified        ✅      (0.02s)
verified        ✅      (0.02s)
Evaluating network conv_1...
not verified    ✅      (1.70s)
verified        ✅      (0.29s)
verified        ✅      (0.29s)
Evaluating network conv_2...
not verified    ✅      (7.87s)
verified        ✅      (1.08s)
verified        ✅      (1.08s)
Evaluating network conv_3...
not verified    ✅      (43.51s)
verified        ✅      (5.64s)
verified        ✅      (5.71s)
Evaluating network conv_4...
not verified    ✅      (22.37s)
verified        ✅      (2.02s)
not verified    🛑      (22.33s)
Time for iteration 1: 140.00 seconds

Evaluating network fc_1...
not verified    ✅      (0.02s)
verified        ✅      (0.00s)
verified        ✅      (0.00s)
Evaluating network fc_2...
not verified    ✅      (0.04s)
verified        ✅      (0.01s)
verified        ✅      (0.03s)
Evaluating network fc_3...
not verified    ✅      (0.04s)
verified        ✅      (0.01s)
verified        ✅      (0.01s)
Evaluating network fc_4...
not verified    ✅      (0.04s)
verified        ✅      (0.01s)
verified        ✅      (0.01s)
Evaluating network fc_5...
not verified    ✅      (0.06s)
verified        ✅      (0.01s)
verified        ✅      (0.04s)
Evaluating network fc_6...
not verified    ✅      (0.33s)
not verified    ✅      (0.14s)
not verified    ✅      (0.47s)
verified        ✅      (0.01s)
verified        ✅      (0.05s)
verified        ✅      (0.10s)
Evaluating network fc_7...
not verified    ✅      (0.25s)
verified        ✅      (0.02s)
verified        ✅      (0.02s)
Evaluating network conv_1...
not verified    ✅      (1.71s)
verified        ✅      (0.29s)
verified        ✅      (0.30s)
Evaluating network conv_2...
not verified    ✅      (7.88s)
verified        ✅      (1.09s)
verified        ✅      (1.21s)
Evaluating network conv_3...
not verified    ✅      (45.86s)
verified        ✅      (5.59s)
verified        ✅      (5.86s)
Evaluating network conv_4...
not verified    ✅      (26.93s)
verified        ✅      (1.99s)
not verified    🛑      (22.19s)
Time for iteration 2: 333.00 seconds

Evaluating network fc_1...
not verified    ✅      (0.02s)
verified        ✅      (0.00s)
verified        ✅      (0.00s)
Evaluating network fc_2...
not verified    ✅      (0.04s)
verified        ✅      (0.00s)
verified        ✅      (0.03s)
Evaluating network fc_3...
not verified    ✅      (0.04s)
verified        ✅      (0.01s)
verified        ✅      (0.01s)
Evaluating network fc_4...
not verified    ✅      (0.04s)
verified        ✅      (0.01s)
verified        ✅      (0.01s)
Evaluating network fc_5...
not verified    ✅      (0.07s)
verified        ✅      (0.01s)
verified        ✅      (0.04s)
Evaluating network fc_6...
not verified    ✅      (0.32s)
not verified    ✅      (0.15s)
not verified    ✅      (0.31s)
verified        ✅      (0.01s)
verified        ✅      (0.04s)
verified        ✅      (0.10s)
Evaluating network fc_7...
not verified    ✅      (0.61s)
verified        ✅      (0.02s)
verified        ✅      (0.02s)
Evaluating network conv_1...
not verified    ✅      (1.68s)
verified        ✅      (0.29s)
verified        ✅      (0.41s)
Evaluating network conv_2...
not verified    ✅      (7.90s)
verified        ✅      (1.09s)
verified        ✅      (1.08s)
Evaluating network conv_3...
not verified    ✅      (43.57s)
verified        ✅      (6.60s)
verified        ✅      (5.95s)
Evaluating network conv_4...
not verified    ✅      (26.12s)
verified        ✅      (2.01s)
verified        ✅      (49.66s)
Time for iteration 3: 172.00 seconds

Evaluating network fc_1...
not verified    ✅      (0.02s)
verified        ✅      (0.00s)
verified        ✅      (0.00s)
Evaluating network fc_2...
not verified    ✅      (0.04s)
verified        ✅      (0.01s)
verified        ✅      (0.03s)
Evaluating network fc_3...
not verified    ✅      (0.04s)
verified        ✅      (0.01s)
verified        ✅      (0.01s)
Evaluating network fc_4...
not verified    ✅      (0.04s)
verified        ✅      (0.01s)
verified        ✅      (0.00s)
Evaluating network fc_5...
not verified    ✅      (0.07s)
verified        ✅      (0.01s)
verified        ✅      (0.04s)
Evaluating network fc_6...
not verified    ✅      (0.32s)
not verified    ✅      (0.15s)
not verified    ✅      (0.43s)
verified        ✅      (0.01s)
verified        ✅      (0.04s)
verified        ✅      (0.08s)
Evaluating network fc_7...
not verified    ✅      (0.24s)
verified        ✅      (0.02s)
verified        ✅      (0.02s)
Evaluating network conv_1...
not verified    ✅      (1.72s)
verified        ✅      (0.41s)
verified        ✅      (0.30s)
Evaluating network conv_2...
not verified    ✅      (7.84s)
verified        ✅      (1.09s)
verified        ✅      (1.10s)
Evaluating network conv_3...
not verified    ✅      (44.67s)
verified        ✅      (6.67s)
verified        ✅      (6.43s)
Evaluating network conv_4...
not verified    ✅      (26.44s)
verified        ✅      (2.02s)
not verified    🛑      (37.96s)
Time for iteration 4: 164.00 seconds

Evaluating network fc_1...
not verified    ✅      (0.03s)
verified        ✅      (0.00s)
verified        ✅      (0.00s)
Evaluating network fc_2...
not verified    ✅      (0.06s)
verified        ✅      (0.01s)
not verified    🛑      (0.09s)
Evaluating network fc_3...
not verified    ✅      (0.04s)
verified        ✅      (0.01s)
verified        ✅      (0.01s)
Evaluating network fc_4...
not verified    ✅      (0.05s)
verified        ✅      (0.01s)
verified        ✅      (0.01s)
Evaluating network fc_5...
not verified    ✅      (0.07s)
verified        ✅      (0.01s)
verified        ✅      (0.04s)
Evaluating network fc_6...
not verified    ✅      (0.31s)
not verified    ✅      (0.15s)
not verified    ✅      (0.39s)
verified        ✅      (0.02s)
verified        ✅      (0.07s)
verified        ✅      (0.10s)
Evaluating network fc_7...
not verified    ✅      (0.35s)
verified        ✅      (0.02s)
verified        ✅      (0.02s)
Evaluating network conv_1...
not verified    ✅      (2.06s)
verified        ✅      (0.29s)
verified        ✅      (0.35s)
Evaluating network conv_2...
not verified    ✅      (8.41s)
verified        ✅      (1.10s)
verified        ✅      (1.28s)
Evaluating network conv_3...
not verified    ✅      (45.40s)
verified        ✅      (5.65s)
verified        ✅      (5.62s)
Evaluating network conv_4...
not verified    ✅      (22.75s)
verified        ✅      (2.01s)
verified        ✅      (39.20s)
Time for iteration 5: 161.00 seconds

Average time per iteration: 194.00 seconds